#
# A fatal error has been detected by the Java Runtime Environment:
#
#  SIGSEGV (0xb) at pc=0x924dd67c, pid=6139, tid=21168
#
# JRE version: OpenJDK Runtime Environment (11.0.7+10) (build 11.0.7+10-post-Raspbian-3deb10u1)
# Java VM: OpenJDK Server VM (11.0.7+10-post-Raspbian-3deb10u1, mixed mode, g1 gc, linux-)
# Problematic frame:
# C  [libohNet.so+0xb667c]  OpenHome::Environment::~Environment()+0x40
#
# No core dump will be written. Core dumps have been disabled. To enable core dumping, try "ulimit -c unlimited" before starting Java again
#
# If you would like to submit a bug report, please visit:
#   Unknown
# The crash happened outside the Java Virtual Machine in native code.
# See problematic frame for where to report the bug.
#

---------------  S U M M A R Y ------------

Command Line: /home/pi/mediaplayer/mediaplayer/mediaplayer.jar

Host: rev 3 (v7l), 4 cores, 1G, Raspbian GNU/Linux 10 (buster)
Time: Thu May 28 17:18:08 2020 CEST elapsed time: 279 seconds (0d 0h 4m 39s)

---------------  T H R E A D  ---------------

Current thread (0x93e8e000):  JavaThread "Thread-1" [_thread_in_native, id=21168, stack(0x919dd000,0x91a2d000)]

Stack: [0x919dd000,0x91a2d000],  sp=0x91a2ba90,  free space=314k
Native frames: (J=compiled Java code, A=aot compiled Java code, j=interpreted, Vv=VM code, C=native code)
C  [libohNet.so+0xb667c]  OpenHome::Environment::~Environment()+0x40
C  0x91a2bb58

Java frames: (J=compiled Java code, j=interpreted, Vv=VM code)
j  org.openhome.net.core.Library.OhNetLibraryClose()V+0
j  org.openhome.net.core.Library.close()V+0
j  org.rpi.main.SimpleDevice.dispose()V+305
j  org.rpi.main.SimpleDevice$1.run()V+16
v  ~StubRoutines::call_stub

siginfo: si_signo: 11 (SIGSEGV), si_code: 1 (SEGV_MAPERR), si_addr: 0x0003002d

Register to memory mapping:

  r0  = 0x92779458
0x92779458 points into unknown readable memory: 29 00 03 00

  r1  = 0x00000000
0x0 is NULL

  r2  = 0xd962e800
0xd962e800 is an unknown value

  r3  = 0x00030029
0x00030029 is an unknown value

  r4  = 0x92774cc8
0x92774cc8 points into unknown readable memory: 38 4c 77 92

  r5  = 0x9251dd7c
0x9251dd7c: <offset 0x000f6d7c> in /home/pi/mediaplayer/mediaplayer/mediaplayer_lib/ohNet/linux/armv6hf/libohNet.so at 0x92427000

  r6  = 0x00000000
0x0 is NULL

  r7  = 0x00000000
0x0 is NULL

  r8  = 0x91a2bb30
0x91a2bb30 is pointing into the stack for thread: 0x93e8e000

  r9  = 0x92551650
{method} {0x92551650} 'OhNetLibraryClose' '()V' in 'org/openhome/net/core/Library'

  r10 = 0x93e8e000
0x93e8e000 is a thread

  fp  = 0x91a2bb28
0x91a2bb28 is pointing into the stack for thread: 0x93e8e000

  r12 = 0x00000002
0x00000002 is an unknown value

  sp  = 0x91a2ba90
0x91a2ba90 is pointing into the stack for thread: 0x93e8e000

  lr  = 0x927789d8
0x927789d8 points into unknown readable memory: a0 8a 77 92

  pc  = 0x924dd67c
0x924dd67c: <offset 0x000b667c> in /home/pi/mediaplayer/mediaplayer/mediaplayer_lib/ohNet/linux/armv6hf/libohNet.so at 0x92427000



Registers:
  r0  = 0x92779458
  r1  = 0x00000000
  r2  = 0xd962e800
  r3  = 0x00030029
  r4  = 0x92774cc8
  r5  = 0x9251dd7c
  r6  = 0x00000000
  r7  = 0x00000000
  r8  = 0x91a2bb30
  r9  = 0x92551650
  r10 = 0x93e8e000
  fp  = 0x91a2bb28
  r12 = 0x00000002
  sp  = 0x91a2ba90
  lr  = 0x927789d8
  pc  = 0x924dd67c
  cpsr = 0xa0000010

Top of Stack: (sp=0x91a2ba90)
0x91a2ba90:   9251cdb0 92774cc8 9251dd7c 924e7280
0x91a2baa0:   00000000 b3dbe250 9241bb08 b3d9b110
0x91a2bab0:   92551650 93e8e000 b6d98000 91a2bae0
0x91a2bac0:   93e8f780 93e8e000 b6d98000 91a2bae0
0x91a2bad0:   91a2bafc b680a05c 91a2bafc 0080614c
0x91a2bae0:   92551650 93e8e000 00000000 00000008
0x91a2baf0:   00000000 00000000 91a2bb28 b3d9b020
0x91a2bb00:   92551e38 91a2bb04 00000000 91a2bb30 

Instructions: (pc=0x924dd67c)
0x924dd57c:   ebfdab5d e596404c ea000007 e5943014
0x924dd58c:   e1a00003 e5933000 e5933000 e12fff33
0x924dd59c:   e1a00004 ebfda944 e1a04000 e1550004
0x924dd5ac:   1afffff5 e5960058 e8bd4070 eafda82d
0x924dd5bc:   e5801038 e12fff1e e580103c e12fff1e
0x924dd5cc:   e5900038 e12fff1e e590003c e12fff1e
0x924dd5dc:   e92d4010 e1a04000 ebfdd05c e3a03001
0x924dd5ec:   e5843cf0 e1a00004 e8bd8010 e92d4010
0x924dd5fc:   e1a04000 ebfdd457 e1a00004 e8bd8010
0x924dd60c:   e12fff1e eafdd401 e5903cf0 e2833001
0x924dd61c:   e5803cf0 e12fff1e e5903cf0 e2433001
0x924dd62c:   e5803cf0 e2730001 33a00000 e12fff1e
0x924dd63c:   e92d4038 e1a04000 e5900010 ebfdab2a
0x924dd64c:   e5940010 ebfda807 e5940038 e3500000
0x924dd65c:   0a000002 e5903000 e5933004 e12fff33
0x924dd66c:   e594003c e3500000 0a000002 e5903000
0x924dd67c:   e5933004 e12fff33 e5940014 e3500000
0x924dd68c:   0a000002 e5903000 e5933008 e12fff33
0x924dd69c:   e5943054 e3530000 1a00003b e594000c
0x924dd6ac:   e3500000 0a000002 e5903000 e5933004
0x924dd6bc:   e12fff33 e5945008 e3550000 0a000003
0x924dd6cc:   e1a00005 eb002470 e1a00005 ebfda9a7
0x924dd6dc:   e5940010 e3500000 0a000002 e5903000
0x924dd6ec:   e5933004 e12fff33 e5940058 e3500000
0x924dd6fc:   0a000002 e5903000 e5933004 e12fff33
0x924dd70c:   e5942028 e5943024 e0633002 e1b03123
0x924dd71c:   1a00002a e5940030 e3500000 0a000002
0x924dd72c:   e5903000 e5933004 e12fff33 e5945004
0x924dd73c:   e3550000 0a000005 e2850028 ebfda7e1
0x924dd74c:   e2850018 ebfda7df e1a00005 ebfda987
0x924dd75c:   e5940000 eb00324f e2840040 e5941048
0x924dd76c:   ebfda97f e5940024 e3500000 0a000000 


Stack slot to memory mapping:
stack at sp + 0 slots: 0x9251cdb0: <offset 0x000f5db0> in /home/pi/mediaplayer/mediaplayer/mediaplayer_lib/ohNet/linux/armv6hf/libohNet.so at 0x92427000
stack at sp + 1 slots: 0x92774cc8 points into unknown readable memory: 38 4c 77 92
stack at sp + 2 slots: 0x9251dd7c: <offset 0x000f6d7c> in /home/pi/mediaplayer/mediaplayer/mediaplayer_lib/ohNet/linux/armv6hf/libohNet.so at 0x92427000
stack at sp + 3 slots: 0x924e7280: _ZN8OpenHome3Net11UpnpLibrary5CloseEv+0x00000028 in /home/pi/mediaplayer/mediaplayer/mediaplayer_lib/ohNet/linux/armv6hf/libohNet.so at 0x92427000
stack at sp + 4 slots: 0x0 is NULL
stack at sp + 5 slots: 0xb3dbe250 is at code_begin+0 in 
[CodeBlob (0xb3dbe208)]
Framesize: 0
BufferBlob (0xb3dbe208) used for native signature handlers
stack at sp + 6 slots: 0x9241bb08: Java_org_openhome_net_core_Library_OhNetLibraryClose+0x00000000 in /home/pi/mediaplayer/mediaplayer/mediaplayer_lib/ohNet/linux/armv6hf/libohNetJni.so at 0x92410000
stack at sp + 7 slots: 0xb3d9b110 is at code_begin+576 in an Interpreter codelet
method entry point (kind = native)  [0xb3d9aed0, 0xb3d9b2a0]  976 bytes


---------------  P R O C E S S  ---------------

Threads class SMR info:
_java_thread_list=0x93e55408, length=12, elements={
0xb5f0e800, 0x93622800, 0x93626000, 0x93630000,
0x93632800, 0x93634000, 0x93679400, 0x9367e800,
0x92763400, 0x93c01400, 0x93c01c00, 0x93e8e000
}

Java Threads: ( => current thread )
  0xb5f0e800 JavaThread "main" [_thread_blocked, id=6145, stack(0xb60cf000,0xb611f000)]
  0x93622800 JavaThread "Reference Handler" daemon [_thread_blocked, id=6167, stack(0x9402e000,0x9407e000)]
  0x93626000 JavaThread "Finalizer" daemon [_thread_blocked, id=6169, stack(0x93d2e000,0x93d7e000)]
  0x93630000 JavaThread "Signal Dispatcher" daemon [_thread_blocked, id=6177, stack(0x935b0000,0x93600000)]
  0x93632800 JavaThread "C2 CompilerThread0" daemon [_thread_blocked, id=6178, stack(0x93530000,0x935b0000)]
  0x93634000 JavaThread "Sweeper thread" daemon [_thread_blocked, id=6179, stack(0x92f36000,0x92f86000)]
  0x93679400 JavaThread "Service Thread" daemon [_thread_blocked, id=6201, stack(0x92ee6000,0x92f36000)]
  0x9367e800 JavaThread "Common-Cleaner" daemon [_thread_blocked, id=6205, stack(0x92e14000,0x92e64000)]
  0x92763400 JavaThread "Thread-0" [_thread_blocked, id=6381, stack(0x92c30000,0x92c80000)]
  0x93c01400 JavaThread "SIGTERM handler" daemon [_thread_blocked, id=21163, stack(0x92c80000,0x92d00000)]
  0x93c01c00 JavaThread "SIGHUP handler" daemon [_thread_blocked, id=21164, stack(0x91a2d000,0x91a7d000)]
=>0x93e8e000 JavaThread "Thread-1" [_thread_in_native, id=21168, stack(0x919dd000,0x91a2d000)]

Other Threads:
  0x9361c400 VMThread "VM Thread" [stack: 0x93734000,0x937b4000] [id=6163]
  0x9367ac00 WatcherThread [stack: 0x92e66000,0x92ee6000] [id=6202]
  0xb5f23000 GCTaskThread "GC Thread#0" [stack: 0xb3cd4000,0xb3d54000] [id=6149]
  0xb5f6f000 ConcurrentGCThread "G1 Main Marker" [stack: 0xb3c52000,0xb3cd2000] [id=6150]
  0xb5f70400 ConcurrentGCThread "G1 Conc#0" [stack: 0x9426a000,0x942ea000] [id=6151]
  0xb5fc8400 ConcurrentGCThread "G1 Refine#0" [stack: 0x94080000,0x94100000] [id=6152]
  0xb5fc9c00 ConcurrentGCThread "G1 Young RemSet Sampling" [stack: 0x93d80000,0x93e00000] [id=6153]

Threads with active compile tasks:

VM state:not at safepoint (normal execution)

VM Mutex/Monitor currently owned by a thread: None

Heap:
 garbage-first heap   total 32768K, used 12288K [0x95400000, 0xb3a00000)
  region size 1024K, 14 young (14336K), 0 survivors (0K)
 Metaspace       used 6609K, capacity 6717K, committed 6808K, reserved 7472K
Heap Regions: E=young(eden), S=young(survivor), O=old, HS=humongous(starts), HC=humongous(continues), CS=collection set, F=free, A=archive, TAMS=top-at-mark-start (previous, next)
|   0|0x95400000, 0x95400000, 0x95500000|  0%| F|  |TAMS 0x95400000, 0x95400000| Untracked 
|   1|0x95500000, 0x95500000, 0x95600000|  0%| F|  |TAMS 0x95500000, 0x95500000| Untracked 
|   2|0x95600000, 0x95600000, 0x95700000|  0%| F|  |TAMS 0x95600000, 0x95600000| Untracked 
|   3|0x95700000, 0x95700000, 0x95800000|  0%| F|  |TAMS 0x95700000, 0x95700000| Untracked 
|   4|0x95800000, 0x95800000, 0x95900000|  0%| F|  |TAMS 0x95800000, 0x95800000| Untracked 
|   5|0x95900000, 0x95900000, 0x95a00000|  0%| F|  |TAMS 0x95900000, 0x95900000| Untracked 
|   6|0x95a00000, 0x95a00000, 0x95b00000|  0%| F|  |TAMS 0x95a00000, 0x95a00000| Untracked 
|   7|0x95b00000, 0x95b00000, 0x95c00000|  0%| F|  |TAMS 0x95b00000, 0x95b00000| Untracked 
|   8|0x95c00000, 0x95c00000, 0x95d00000|  0%| F|  |TAMS 0x95c00000, 0x95c00000| Untracked 
|   9|0x95d00000, 0x95d00000, 0x95e00000|  0%| F|  |TAMS 0x95d00000, 0x95d00000| Untracked 
|  10|0x95e00000, 0x95e00000, 0x95f00000|  0%| F|  |TAMS 0x95e00000, 0x95e00000| Untracked 
|  11|0x95f00000, 0x95f00000, 0x96000000|  0%| F|  |TAMS 0x95f00000, 0x95f00000| Untracked 
|  12|0x96000000, 0x96000000, 0x96100000|  0%| F|  |TAMS 0x96000000, 0x96000000| Untracked 
|  13|0x96100000, 0x96100000, 0x96200000|  0%| F|  |TAMS 0x96100000, 0x96100000| Untracked 
|  14|0x96200000, 0x96200000, 0x96300000|  0%| F|  |TAMS 0x96200000, 0x96200000| Untracked 
|  15|0x96300000, 0x96300000, 0x96400000|  0%| F|  |TAMS 0x96300000, 0x96300000| Untracked 
|  16|0x96400000, 0x96400000, 0x96500000|  0%| F|  |TAMS 0x96400000, 0x96400000| Untracked 
|  17|0x96500000, 0x96500000, 0x96600000|  0%| F|  |TAMS 0x96500000, 0x96500000| Untracked 
|  18|0x96600000, 0x966482f8, 0x96700000| 28%| E|  |TAMS 0x96600000, 0x96600000| Complete 
|  19|0x96700000, 0x96800000, 0x96800000|100%| E|CS|TAMS 0x96700000, 0x96700000| Complete 
|  20|0x96800000, 0x96900000, 0x96900000|100%| E|CS|TAMS 0x96800000, 0x96800000| Complete 
|  21|0x96900000, 0x96a00000, 0x96a00000|100%| E|CS|TAMS 0x96900000, 0x96900000| Complete 
|  22|0x96a00000, 0x96b00000, 0x96b00000|100%| E|CS|TAMS 0x96a00000, 0x96a00000| Complete 
|  23|0x96b00000, 0x96c00000, 0x96c00000|100%| E|CS|TAMS 0x96b00000, 0x96b00000| Complete 
|  24|0x96c00000, 0x96d00000, 0x96d00000|100%| E|CS|TAMS 0x96c00000, 0x96c00000| Complete 
|  25|0x96d00000, 0x96e00000, 0x96e00000|100%| E|CS|TAMS 0x96d00000, 0x96d00000| Complete 
|  26|0x96e00000, 0x96f00000, 0x96f00000|100%| E|  |TAMS 0x96e00000, 0x96e00000| Complete 
|  27|0x96f00000, 0x97000000, 0x97000000|100%| E|CS|TAMS 0x96f00000, 0x96f00000| Complete 
|  28|0x97000000, 0x97100000, 0x97100000|100%| E|CS|TAMS 0x97000000, 0x97000000| Complete 
|  29|0x97100000, 0x97200000, 0x97200000|100%| E|CS|TAMS 0x97100000, 0x97100000| Complete 
|  30|0x97200000, 0x97300000, 0x97300000|100%| E|CS|TAMS 0x97200000, 0x97200000| Complete 
|  31|0x97300000, 0x97400000, 0x97400000|100%| E|CS|TAMS 0x97300000, 0x97300000| Complete 

Card table byte_map: [0x9530d000,0x95400000] _byte_map_base: 0x94e63000

Marking Bits (Prev, Next): (CMBitMap*) 0xb5f6d5d4, (CMBitMap*) 0xb5f6d5f0
 Prev Bits: [0x94a82000, 0x9521a000)
 Next Bits: [0x942ea000, 0x94a82000)

Polling page: 0xb6ffa000

Metaspace:

Usage:
    6.56 MB capacity,     6.45 MB ( 98%) used,    96.29 KB (  1%) free+waste,    11.95 KB ( <1%) overhead. 

Virtual space:
      7.30 MB reserved,       6.65 MB ( 91%) committed 

Chunk freelists:
30.50 KB

MaxMetaspaceSize: unlimited


CodeCache: size=32768Kb used=350Kb max_used=362Kb free=32417Kb
 bounds [0xb3d94000, 0xb3f14000, 0xb5d94000]
 total_blobs=448 nmethods=128 adapters=108
 compilation: enabled
              stopped_count=0, restarted_count=0
 full_count=0

Compilation events (20 events):
Event: 8.323 Thread 0x93632800  119             java.lang.AbstractStringBuilder::ensureCapacityInternal (39 bytes)
Event: 8.335 Thread 0x93632800 nmethod 119 0xb3de7788 code [0xb3de78a0, 0xb3de7bc8]
Event: 26.365 Thread 0x93632800  120             java.lang.StringUTF16::checkBoundsBeginEnd (10 bytes)
Event: 26.367 Thread 0x93632800 nmethod 120 0xb3de9e08 code [0xb3de9f00, 0xb3de9fac]
Event: 33.383 Thread 0x93632800  121             java.lang.StringUTF16::indexOf (43 bytes)
Event: 33.390 Thread 0x93632800 nmethod 121 0xb3de9a08 code [0xb3de9b00, 0xb3de9ccc]
Event: 33.390 Thread 0x93632800  122             java.lang.String::indexOf (29 bytes)
Event: 33.399 Thread 0x93632800 nmethod 122 0xb3de9508 code [0xb3de9600, 0xb3de97ec]
Event: 35.389 Thread 0x93632800  123             java.lang.String::indexOf (7 bytes)
Event: 35.395 Thread 0x93632800 nmethod 123 0xb3deb508 code [0xb3deb600, 0xb3deb79c]
Event: 91.517 Thread 0x93632800  124             java.net.URI$Parser::scan (76 bytes)
Event: 91.539 Thread 0x93632800 nmethod 124 0xb3deac88 code [0xb3dead90, 0xb3deb2dc]
Event: 144.644 Thread 0x93632800  125             java.net.URI$Parser::scan (41 bytes)
Event: 144.660 Thread 0x93632800 nmethod 125 0xb3dea788 code [0xb3dea880, 0xb3deaacc]
Event: 166.692 Thread 0x93632800  126             java.lang.StringUTF16::putChars (24 bytes)
Event: 166.700 Thread 0x93632800 nmethod 126 0xb3dea408 code [0xb3dea500, 0xb3dea6cc]
Event: 242.861 Thread 0x93632800  127             java.net.URI$Parser::scan (53 bytes)
Event: 242.878 Thread 0x93632800 nmethod 127 0xb3decc88 code [0xb3decd80, 0xb3ded0ec]
Event: 273.931 Thread 0x93632800  128             sun.net.www.ParseUtil::firstEncodeIndex (86 bytes)
Event: 273.937 Thread 0x93632800 nmethod 128 0xb3dec808 code [0xb3dec910, 0xb3decac8]

GC Heap History (0 events):
No events

Deoptimization events (12 events):
Event: 0.495 Thread 0xb5f0e800 Uncommon trap: trap_request=0xffffff4d fr.pc=0xb3dd4370 relative=0x00000160
Event: 0.495 Thread 0xb5f0e800 Uncommon trap: reason=unstable_if action=reinterpret pc=0xb3dd4370 method=java.util.zip.ZipFile$Source.isMetaName([BII)Z @ 43 c2
Event: 0.495 Thread 0xb5f0e800 DEOPT PACKING pc=0xb3dd4370 sp=0xb611c6f8
Event: 0.496 Thread 0xb5f0e800 DEOPT UNPACKING pc=0xb3da9604 sp=0xb611c6dc mode 2
Event: 1.295 Thread 0xb5f0e800 Uncommon trap: trap_request=0xffffff4d fr.pc=0xb3dd9bb8 relative=0x000006f8
Event: 1.295 Thread 0xb5f0e800 Uncommon trap: reason=unstable_if action=reinterpret pc=0xb3dd9bb8 method=java.util.Properties$LineReader.readLine()I @ 55 c2
Event: 1.295 Thread 0xb5f0e800 DEOPT PACKING pc=0xb3dd9bb8 sp=0xb611bce0
Event: 1.295 Thread 0xb5f0e800 DEOPT UNPACKING pc=0xb3da9604 sp=0xb611bcb0 mode 2
Event: 1.352 Thread 0xb5f0e800 Uncommon trap: trap_request=0xffffff4d fr.pc=0xb3ddec5c relative=0x000004bc
Event: 1.352 Thread 0xb5f0e800 Uncommon trap: reason=unstable_if action=reinterpret pc=0xb3ddec5c method=java.lang.StringUTF16.replace([BCC)Ljava/lang/String; @ 14 c2
Event: 1.352 Thread 0xb5f0e800 DEOPT PACKING pc=0xb3ddec5c sp=0xb611cfe0
Event: 1.352 Thread 0xb5f0e800 DEOPT UNPACKING pc=0xb3da9604 sp=0xb611cfcc mode 2

Classes redefined (0 events):
No events

Internal exceptions (20 events):
Event: 269.920 Thread 0x92763400 Exception <a 'java/net/ConnectException'{0x967c5248}> (0x967c5248) thrown at [src/hotspot/share/prims/jni.cpp, line 615]
Event: 269.921 Thread 0x92763400 Exception <a 'java/net/ConnectException'{0x967c6228}> (0x967c6228) thrown at [src/hotspot/share/prims/jni.cpp, line 615]
Event: 270.922 Thread 0x92763400 Exception <a 'java/net/ConnectException'{0x967c6d28}> (0x967c6d28) thrown at [src/hotspot/share/prims/jni.cpp, line 615]
Event: 270.923 Thread 0x92763400 Exception <a 'java/net/ConnectException'{0x967c7d08}> (0x967c7d08) thrown at [src/hotspot/share/prims/jni.cpp, line 615]
Event: 271.925 Thread 0x92763400 Exception <a 'java/net/ConnectException'{0x967c8970}> (0x967c8970) thrown at [src/hotspot/share/prims/jni.cpp, line 615]
Event: 271.926 Thread 0x92763400 Exception <a 'java/net/ConnectException'{0x967c9950}> (0x967c9950) thrown at [src/hotspot/share/prims/jni.cpp, line 615]
Event: 272.930 Thread 0x92763400 Exception <a 'java/net/ConnectException'{0x967ca450}> (0x967ca450) thrown at [src/hotspot/share/prims/jni.cpp, line 615]
Event: 272.931 Thread 0x92763400 Exception <a 'java/net/ConnectException'{0x967cb430}> (0x967cb430) thrown at [src/hotspot/share/prims/jni.cpp, line 615]
Event: 273.932 Thread 0x92763400 Exception <a 'java/net/ConnectException'{0x967cc0b8}> (0x967cc0b8) thrown at [src/hotspot/share/prims/jni.cpp, line 615]
Event: 273.933 Thread 0x92763400 Exception <a 'java/net/ConnectException'{0x967cd098}> (0x967cd098) thrown at [src/hotspot/share/prims/jni.cpp, line 615]
Event: 274.934 Thread 0x92763400 Exception <a 'java/net/ConnectException'{0x967cdb98}> (0x967cdb98) thrown at [src/hotspot/share/prims/jni.cpp, line 615]
Event: 274.935 Thread 0x92763400 Exception <a 'java/net/ConnectException'{0x967ceb78}> (0x967ceb78) thrown at [src/hotspot/share/prims/jni.cpp, line 615]
Event: 275.936 Thread 0x92763400 Exception <a 'java/net/ConnectException'{0x967cf678}> (0x967cf678) thrown at [src/hotspot/share/prims/jni.cpp, line 615]
Event: 275.937 Thread 0x92763400 Exception <a 'java/net/ConnectException'{0x967d0658}> (0x967d0658) thrown at [src/hotspot/share/prims/jni.cpp, line 615]
Event: 276.938 Thread 0x92763400 Exception <a 'java/net/ConnectException'{0x967d1158}> (0x967d1158) thrown at [src/hotspot/share/prims/jni.cpp, line 615]
Event: 276.939 Thread 0x92763400 Exception <a 'java/net/ConnectException'{0x967d2138}> (0x967d2138) thrown at [src/hotspot/share/prims/jni.cpp, line 615]
Event: 277.940 Thread 0x92763400 Exception <a 'java/net/ConnectException'{0x967d2c38}> (0x967d2c38) thrown at [src/hotspot/share/prims/jni.cpp, line 615]
Event: 277.942 Thread 0x92763400 Exception <a 'java/net/ConnectException'{0x967d3c18}> (0x967d3c18) thrown at [src/hotspot/share/prims/jni.cpp, line 615]
Event: 278.943 Thread 0x92763400 Exception <a 'java/net/ConnectException'{0x967d4718}> (0x967d4718) thrown at [src/hotspot/share/prims/jni.cpp, line 615]
Event: 278.944 Thread 0x92763400 Exception <a 'java/net/ConnectException'{0x967d56f8}> (0x967d56f8) thrown at [src/hotspot/share/prims/jni.cpp, line 615]

Events (20 events):
Event: 279.048 Protecting memory [0x91a2d000,0x91a30000] with protection modes 0
Event: 279.048 Executing VM operation: RevokeBias
Event: 279.048 Protecting memory [0xb6ffa000,0xb6ffb000] with protection modes 0
Event: 279.049 Protecting memory [0x92c80000,0x92c83000] with protection modes 0
Event: 279.052 Protecting memory [0xb6ffa000,0xb6ffb000] with protection modes 1
Event: 279.052 Executing VM operation: RevokeBias done
Event: 279.052 loading class java/util/IdentityHashMap$KeyIterator
Event: 279.053 loading class java/util/IdentityHashMap$IdentityHashMapIterator
Event: 279.053 loading class java/util/IdentityHashMap$IdentityHashMapIterator done
Event: 279.053 loading class java/util/IdentityHashMap$KeyIterator done
Event: 279.055 Thread 0x93e8e000 Thread added: 0x93e8e000
Event: 279.055 Protecting memory [0x919dd000,0x919e0000] with protection modes 0
Event: 279.055 Executing VM operation: RevokeBias
Event: 279.055 Protecting memory [0xb6ffa000,0xb6ffb000] with protection modes 0
Event: 279.073 Protecting memory [0xb6ffa000,0xb6ffb000] with protection modes 1
Event: 279.073 Executing VM operation: RevokeBias done
Event: 279.074 Executing VM operation: RevokeBias
Event: 279.074 Protecting memory [0xb6ffa000,0xb6ffb000] with protection modes 0
Event: 279.074 Protecting memory [0xb6ffa000,0xb6ffb000] with protection modes 1
Event: 279.074 Executing VM operation: RevokeBias done


Dynamic libraries:
00010000-00011000 r-xp 00000000 b3:02 265325     /usr/lib/jvm/java-11-openjdk-armhf/bin/java
00020000-00021000 r--p 00000000 b3:02 265325     /usr/lib/jvm/java-11-openjdk-armhf/bin/java
00021000-00022000 rw-p 00001000 b3:02 265325     /usr/lib/jvm/java-11-openjdk-armhf/bin/java
00fb3000-010bf000 rw-p 00000000 00:00 0          [heap]
91965000-919dd000 rw-p 00000000 00:00 0 
919dd000-919e0000 ---p 00000000 00:00 0 
919e0000-91a2d000 rw-p 00000000 00:00 0 
91a2d000-91a30000 ---p 00000000 00:00 0 
91a30000-91a7d000 rw-p 00000000 00:00 0 
91a7d000-91a7e000 ---p 00000000 00:00 0 
91a7e000-91afe000 rw-p 00000000 00:00 0 
91afe000-91aff000 ---p 00000000 00:00 0 
91aff000-91b7f000 rw-p 00000000 00:00 0 
91b7f000-91b80000 ---p 00000000 00:00 0 
91b80000-91c00000 rw-p 00000000 00:00 0 
91c00000-91c01000 ---p 00000000 00:00 0 
91c01000-91c81000 rw-p 00000000 00:00 0 
91c81000-91c82000 ---p 00000000 00:00 0 
91c82000-91d02000 rw-p 00000000 00:00 0 
91d02000-91d03000 ---p 00000000 00:00 0 
91d03000-91d83000 rw-p 00000000 00:00 0 
91d83000-91d84000 ---p 00000000 00:00 0 
91d84000-91e04000 rw-p 00000000 00:00 0 
91e04000-91e05000 ---p 00000000 00:00 0 
91e05000-91e85000 rw-p 00000000 00:00 0 
91e85000-91e86000 ---p 00000000 00:00 0 
91e86000-91f06000 rw-p 00000000 00:00 0 
91f06000-91f07000 ---p 00000000 00:00 0 
91f07000-91f87000 rw-p 00000000 00:00 0 
91f87000-91f88000 ---p 00000000 00:00 0 
91f88000-92008000 rw-p 00000000 00:00 0 
92008000-92009000 ---p 00000000 00:00 0 
92009000-92089000 rw-p 00000000 00:00 0 
92089000-9208a000 ---p 00000000 00:00 0 
9208a000-9210a000 rw-p 00000000 00:00 0 
9210a000-9210b000 ---p 00000000 00:00 0 
9210b000-9218b000 rw-p 00000000 00:00 0 
9218b000-9218c000 ---p 00000000 00:00 0 
9218c000-9220c000 rw-p 00000000 00:00 0 
9220c000-9220d000 ---p 00000000 00:00 0 
9220d000-9228d000 rw-p 00000000 00:00 0 
9228d000-9228e000 ---p 00000000 00:00 0 
9228e000-9230e000 rw-p 00000000 00:00 0 
9230e000-9230f000 ---p 00000000 00:00 0 
9230f000-9238f000 rw-p 00000000 00:00 0 
9238f000-92390000 ---p 00000000 00:00 0 
92390000-92410000 rw-p 00000000 00:00 0 
92410000-9241f000 r-xp 00000000 b3:02 266450     /home/pi/mediaplayer/mediaplayer/mediaplayer_lib/ohNet/linux/armv6hf/libohNetJni.so
9241f000-92426000 ---p 0000f000 b3:02 266450     /home/pi/mediaplayer/mediaplayer/mediaplayer_lib/ohNet/linux/armv6hf/libohNetJni.so
92426000-92427000 rw-p 0000e000 b3:02 266450     /home/pi/mediaplayer/mediaplayer/mediaplayer_lib/ohNet/linux/armv6hf/libohNetJni.so
92427000-92511000 r-xp 00000000 b3:02 266449     /home/pi/mediaplayer/mediaplayer/mediaplayer_lib/ohNet/linux/armv6hf/libohNet.so
92511000-92518000 ---p 000ea000 b3:02 266449     /home/pi/mediaplayer/mediaplayer/mediaplayer_lib/ohNet/linux/armv6hf/libohNet.so
92518000-9251e000 rw-p 000e9000 b3:02 266449     /home/pi/mediaplayer/mediaplayer/mediaplayer_lib/ohNet/linux/armv6hf/libohNet.so
9251e000-9257f000 rw-p 00000000 00:00 0 
9257f000-9261f000 ---p 00000000 00:00 0 
9261f000-926eb000 r-xp 00000000 b3:02 14558      /usr/lib/arm-linux-gnueabihf/libasound.so.2.0.0
926eb000-926fb000 ---p 000cc000 b3:02 14558      /usr/lib/arm-linux-gnueabihf/libasound.so.2.0.0
926fb000-926ff000 r--p 000cc000 b3:02 14558      /usr/lib/arm-linux-gnueabihf/libasound.so.2.0.0
926ff000-92700000 rw-p 000d0000 b3:02 14558      /usr/lib/arm-linux-gnueabihf/libasound.so.2.0.0
92700000-92783000 rw-p 00000000 00:00 0 
92783000-92800000 ---p 00000000 00:00 0 
92800000-92900000 rw-p 00000000 00:00 0 
92900000-929fd000 rw-p 00000000 00:00 0 
929fd000-92a00000 ---p 00000000 00:00 0 
92a00000-92b00000 rw-p 00000000 00:00 0 
92b00000-92bfe000 rw-p 00000000 00:00 0 
92bfe000-92c00000 ---p 00000000 00:00 0 
92c10000-92c13000 ---p 00000000 00:00 0 
92c13000-92c30000 rw-p 00000000 00:00 0 
92c30000-92c33000 ---p 00000000 00:00 0 
92c33000-92c80000 rw-p 00000000 00:00 0 
92c80000-92c83000 ---p 00000000 00:00 0 
92c83000-92d00000 rw-p 00000000 00:00 0 
92d00000-92e00000 rw-p 00000000 00:00 0 
92e14000-92e17000 ---p 00000000 00:00 0 
92e17000-92e64000 rw-p 00000000 00:00 0 
92e64000-92e65000 ---p 00000000 00:00 0 
92e65000-92ee6000 rw-p 00000000 00:00 0 
92ee6000-92ee9000 ---p 00000000 00:00 0 
92ee9000-92f36000 rw-p 00000000 00:00 0 
92f36000-92f39000 ---p 00000000 00:00 0 
92f39000-92f86000 rw-p 00000000 00:00 0 
92f86000-93200000 r--p 0006b000 b3:02 16906      /usr/lib/locale/locale-archive
93200000-93400000 r--p 00000000 b3:02 16906      /usr/lib/locale/locale-archive
93400000-93421000 rw-p 00000000 00:00 0 
93421000-93500000 ---p 00000000 00:00 0 
93513000-9351f000 r-xp 00000000 b3:02 265468     /usr/lib/jvm/java-11-openjdk-armhf/lib/libjsound.so
9351f000-9352e000 ---p 0000c000 b3:02 265468     /usr/lib/jvm/java-11-openjdk-armhf/lib/libjsound.so
9352e000-9352f000 r--p 0000b000 b3:02 265468     /usr/lib/jvm/java-11-openjdk-armhf/lib/libjsound.so
9352f000-93530000 rw-p 0000c000 b3:02 265468     /usr/lib/jvm/java-11-openjdk-armhf/lib/libjsound.so
93530000-93533000 ---p 00000000 00:00 0 
93533000-935b0000 rw-p 00000000 00:00 0 
935b0000-935b3000 ---p 00000000 00:00 0 
935b3000-93600000 rw-p 00000000 00:00 0 
93600000-93700000 rw-p 00000000 00:00 0 
9370e000-9371f000 r-xp 00000000 b3:02 1682       /lib/arm-linux-gnueabihf/libresolv-2.28.so
9371f000-9372e000 ---p 00011000 b3:02 1682       /lib/arm-linux-gnueabihf/libresolv-2.28.so
9372e000-9372f000 r--p 00010000 b3:02 1682       /lib/arm-linux-gnueabihf/libresolv-2.28.so
9372f000-93730000 rw-p 00011000 b3:02 1682       /lib/arm-linux-gnueabihf/libresolv-2.28.so
93730000-93732000 rw-p 00000000 00:00 0 
93732000-93733000 ---p 00000000 00:00 0 
93733000-93bfa000 rw-p 00000000 00:00 0 
93bfa000-93c00000 ---p 00000000 00:00 0 
93c00000-93c21000 rw-p 00000000 00:00 0 
93c21000-93d00000 ---p 00000000 00:00 0 
93d06000-93d0a000 r-xp 00000000 b3:02 1659       /lib/arm-linux-gnueabihf/libnss_dns-2.28.so
93d0a000-93d19000 ---p 00004000 b3:02 1659       /lib/arm-linux-gnueabihf/libnss_dns-2.28.so
93d19000-93d1a000 r--p 00003000 b3:02 1659       /lib/arm-linux-gnueabihf/libnss_dns-2.28.so
93d1a000-93d1b000 rw-p 00004000 b3:02 1659       /lib/arm-linux-gnueabihf/libnss_dns-2.28.so
93d1b000-93d1d000 r-xp 00000000 b3:02 1664       /lib/arm-linux-gnueabihf/libnss_mdns4_minimal.so.2
93d1d000-93d2c000 ---p 00002000 b3:02 1664       /lib/arm-linux-gnueabihf/libnss_mdns4_minimal.so.2
93d2c000-93d2d000 r--p 00001000 b3:02 1664       /lib/arm-linux-gnueabihf/libnss_mdns4_minimal.so.2
93d2d000-93d2e000 rw-p 00002000 b3:02 1664       /lib/arm-linux-gnueabihf/libnss_mdns4_minimal.so.2
93d2e000-93d31000 ---p 00000000 00:00 0 
93d31000-93d7e000 rw-p 00000000 00:00 0 
93d7e000-93d7f000 ---p 00000000 00:00 0 
93d7f000-93e00000 rw-p 00000000 00:00 0 
93e00000-93ef9000 rw-p 00000000 00:00 0 
93ef9000-93f00000 ---p 00000000 00:00 0 
93f00000-93f21000 rw-p 00000000 00:00 0 
93f21000-94000000 ---p 00000000 00:00 0 
94009000-9401d000 r-xp 00000000 b3:02 265474     /usr/lib/jvm/java-11-openjdk-armhf/lib/libnet.so
9401d000-9402c000 ---p 00014000 b3:02 265474     /usr/lib/jvm/java-11-openjdk-armhf/lib/libnet.so
9402c000-9402d000 r--p 00013000 b3:02 265474     /usr/lib/jvm/java-11-openjdk-armhf/lib/libnet.so
9402d000-9402e000 rw-p 00014000 b3:02 265474     /usr/lib/jvm/java-11-openjdk-armhf/lib/libnet.so
9402e000-94031000 ---p 00000000 00:00 0 
94031000-9407e000 rw-p 00000000 00:00 0 
9407e000-9407f000 ---p 00000000 00:00 0 
9407f000-94100000 rw-p 00000000 00:00 0 
94100000-94121000 rw-p 00000000 00:00 0 
94121000-94200000 ---p 00000000 00:00 0 
9420d000-94268000 rw-p 00000000 00:00 0 
94268000-94269000 ---p 00000000 00:00 0 
94269000-9436a000 rw-p 00000000 00:00 0 
9436a000-94a82000 ---p 00000000 00:00 0 
94a82000-94b02000 rw-p 00000000 00:00 0 
94b02000-9521a000 ---p 00000000 00:00 0 
9521a000-9522a000 rw-p 00000000 00:00 0 
9522a000-9530d000 ---p 00000000 00:00 0 
9530d000-9531d000 rw-p 00000000 00:00 0 
9531d000-95400000 ---p 00000000 00:00 0 
95400000-97400000 rw-p 00000000 00:00 0 
97400000-b3a00000 ---p 00000000 00:00 0 
b3a0d000-b3a1d000 rw-p 00000000 00:00 0 
b3a1d000-b3b00000 ---p 00000000 00:00 0 
b3b00000-b3b21000 rw-p 00000000 00:00 0 
b3b21000-b3c00000 ---p 00000000 00:00 0 
b3c12000-b3c1f000 r-xp 00000000 b3:02 265475     /usr/lib/jvm/java-11-openjdk-armhf/lib/libnio.so
b3c1f000-b3c2e000 ---p 0000d000 b3:02 265475     /usr/lib/jvm/java-11-openjdk-armhf/lib/libnio.so
b3c2e000-b3c2f000 r--p 0000c000 b3:02 265475     /usr/lib/jvm/java-11-openjdk-armhf/lib/libnio.so
b3c2f000-b3c30000 rw-p 0000d000 b3:02 265475     /usr/lib/jvm/java-11-openjdk-armhf/lib/libnio.so
b3c30000-b3c50000 rw-p 00000000 00:00 0 
b3c50000-b3c51000 ---p 00000000 00:00 0 
b3c51000-b3cd2000 rw-p 00000000 00:00 0 
b3cd2000-b3cd3000 ---p 00000000 00:00 0 
b3cd3000-b3d57000 rw-p 00000000 00:00 0 
b3d57000-b3d94000 ---p 00000000 00:00 0 
b3d94000-b3f14000 rwxp 00000000 00:00 0 
b3f14000-b5d94000 ---p 00000000 00:00 0 
b5d94000-b5f00000 r--s 00000000 b3:02 265484     /usr/lib/jvm/java-11-openjdk-armhf/lib/modules
b5f00000-b5ffa000 rw-p 00000000 00:00 0 
b5ffa000-b6000000 ---p 00000000 00:00 0 
b6005000-b6006000 r-xp 00000000 b3:02 265455     /usr/lib/jvm/java-11-openjdk-armhf/lib/libextnet.so
b6006000-b6016000 ---p 00001000 b3:02 265455     /usr/lib/jvm/java-11-openjdk-armhf/lib/libextnet.so
b6016000-b6017000 r--p 00001000 b3:02 265455     /usr/lib/jvm/java-11-openjdk-armhf/lib/libextnet.so
b6017000-b6018000 rw-p 00002000 b3:02 265455     /usr/lib/jvm/java-11-openjdk-armhf/lib/libextnet.so
b6018000-b6021000 rw-p 00000000 00:00 0 
b6021000-b6025000 r-xp 00000000 b3:02 265466     /usr/lib/jvm/java-11-openjdk-armhf/lib/libjimage.so
b6025000-b6034000 ---p 00004000 b3:02 265466     /usr/lib/jvm/java-11-openjdk-armhf/lib/libjimage.so
b6034000-b6035000 r--p 00003000 b3:02 265466     /usr/lib/jvm/java-11-openjdk-armhf/lib/libjimage.so
b6035000-b6036000 rw-p 00004000 b3:02 265466     /usr/lib/jvm/java-11-openjdk-armhf/lib/libjimage.so
b6036000-b603c000 r-xp 00000000 b3:02 265483     /usr/lib/jvm/java-11-openjdk-armhf/lib/libzip.so
b603c000-b604b000 ---p 00006000 b3:02 265483     /usr/lib/jvm/java-11-openjdk-armhf/lib/libzip.so
b604b000-b604c000 r--p 00005000 b3:02 265483     /usr/lib/jvm/java-11-openjdk-armhf/lib/libzip.so
b604c000-b604d000 rw-p 00006000 b3:02 265483     /usr/lib/jvm/java-11-openjdk-armhf/lib/libzip.so
b604d000-b6056000 r-xp 00000000 b3:02 1660       /lib/arm-linux-gnueabihf/libnss_files-2.28.so
b6056000-b6066000 ---p 00009000 b3:02 1660       /lib/arm-linux-gnueabihf/libnss_files-2.28.so
b6066000-b6067000 r--p 00009000 b3:02 1660       /lib/arm-linux-gnueabihf/libnss_files-2.28.so
b6067000-b6068000 rw-p 0000a000 b3:02 1660       /lib/arm-linux-gnueabihf/libnss_files-2.28.so
b6068000-b606e000 rw-p 00000000 00:00 0 
b606e000-b608c000 r-xp 00000000 b3:02 265462     /usr/lib/jvm/java-11-openjdk-armhf/lib/libjava.so
b608c000-b609b000 ---p 0001e000 b3:02 265462     /usr/lib/jvm/java-11-openjdk-armhf/lib/libjava.so
b609b000-b609c000 r--p 0001d000 b3:02 265462     /usr/lib/jvm/java-11-openjdk-armhf/lib/libjava.so
b609c000-b609d000 rw-p 0001e000 b3:02 265462     /usr/lib/jvm/java-11-openjdk-armhf/lib/libjava.so
b609d000-b60a7000 r-xp 00000000 b3:02 265482     /usr/lib/jvm/java-11-openjdk-armhf/lib/libverify.so
b60a7000-b60b6000 ---p 0000a000 b3:02 265482     /usr/lib/jvm/java-11-openjdk-armhf/lib/libverify.so
b60b6000-b60b7000 r--p 00009000 b3:02 265482     /usr/lib/jvm/java-11-openjdk-armhf/lib/libverify.so
b60b7000-b60b8000 rw-p 0000a000 b3:02 265482     /usr/lib/jvm/java-11-openjdk-armhf/lib/libverify.so
b60b8000-b60be000 r-xp 00000000 b3:02 1683       /lib/arm-linux-gnueabihf/librt-2.28.so
b60be000-b60cd000 ---p 00006000 b3:02 1683       /lib/arm-linux-gnueabihf/librt-2.28.so
b60cd000-b60ce000 r--p 00005000 b3:02 1683       /lib/arm-linux-gnueabihf/librt-2.28.so
b60ce000-b60cf000 rw-p 00006000 b3:02 1683       /lib/arm-linux-gnueabihf/librt-2.28.so
b60cf000-b60d2000 ---p 00000000 00:00 0 
b60d2000-b611f000 rw-p 00000000 00:00 0 
b611f000-b613b000 r-xp 00000000 b3:02 1637       /lib/arm-linux-gnueabihf/libgcc_s.so.1
b613b000-b614a000 ---p 0001c000 b3:02 1637       /lib/arm-linux-gnueabihf/libgcc_s.so.1
b614a000-b614b000 r--p 0001b000 b3:02 1637       /lib/arm-linux-gnueabihf/libgcc_s.so.1
b614b000-b614c000 rw-p 0001c000 b3:02 1637       /lib/arm-linux-gnueabihf/libgcc_s.so.1
b614c000-b61bd000 r-xp 00000000 b3:02 1647       /lib/arm-linux-gnueabihf/libm-2.28.so
b61bd000-b61cc000 ---p 00071000 b3:02 1647       /lib/arm-linux-gnueabihf/libm-2.28.so
b61cc000-b61cd000 r--p 00070000 b3:02 1647       /lib/arm-linux-gnueabihf/libm-2.28.so
b61cd000-b61ce000 rw-p 00071000 b3:02 1647       /lib/arm-linux-gnueabihf/libm-2.28.so
b61ce000-b62fc000 r-xp 00000000 b3:02 14702      /usr/lib/arm-linux-gnueabihf/libstdc++.so.6.0.25
b62fc000-b630c000 ---p 0012e000 b3:02 14702      /usr/lib/arm-linux-gnueabihf/libstdc++.so.6.0.25
b630c000-b6311000 r--p 0012e000 b3:02 14702      /usr/lib/arm-linux-gnueabihf/libstdc++.so.6.0.25
b6311000-b6313000 rw-p 00133000 b3:02 14702      /usr/lib/arm-linux-gnueabihf/libstdc++.so.6.0.25
b6313000-b6315000 rw-p 00000000 00:00 0 
b6315000-b6d4e000 r-xp 00000000 b3:02 265489     /usr/lib/jvm/java-11-openjdk-armhf/lib/server/libjvm.so
b6d4e000-b6d5e000 ---p 00a39000 b3:02 265489     /usr/lib/jvm/java-11-openjdk-armhf/lib/server/libjvm.so
b6d5e000-b6d98000 r--p 00a39000 b3:02 265489     /usr/lib/jvm/java-11-openjdk-armhf/lib/server/libjvm.so
b6d98000-b6db8000 rw-p 00a73000 b3:02 265489     /usr/lib/jvm/java-11-openjdk-armhf/lib/server/libjvm.so
b6db8000-b6de4000 rw-p 00000000 00:00 0 
b6de4000-b6f1c000 r-xp 00000000 b3:02 1622       /lib/arm-linux-gnueabihf/libc-2.28.so
b6f1c000-b6f2c000 ---p 00138000 b3:02 1622       /lib/arm-linux-gnueabihf/libc-2.28.so
b6f2c000-b6f2e000 r--p 00138000 b3:02 1622       /lib/arm-linux-gnueabihf/libc-2.28.so
b6f2e000-b6f2f000 rw-p 0013a000 b3:02 1622       /lib/arm-linux-gnueabihf/libc-2.28.so
b6f2f000-b6f32000 rw-p 00000000 00:00 0 
b6f32000-b6f34000 r-xp 00000000 b3:02 1630       /lib/arm-linux-gnueabihf/libdl-2.28.so
b6f34000-b6f43000 ---p 00002000 b3:02 1630       /lib/arm-linux-gnueabihf/libdl-2.28.so
b6f43000-b6f44000 r--p 00001000 b3:02 1630       /lib/arm-linux-gnueabihf/libdl-2.28.so
b6f44000-b6f45000 rw-p 00002000 b3:02 1630       /lib/arm-linux-gnueabihf/libdl-2.28.so
b6f45000-b6f52000 r-xp 00000000 b3:02 265446     /usr/lib/jvm/java-11-openjdk-armhf/lib/jli/libjli.so
b6f52000-b6f61000 ---p 0000d000 b3:02 265446     /usr/lib/jvm/java-11-openjdk-armhf/lib/jli/libjli.so
b6f61000-b6f62000 r--p 0000c000 b3:02 265446     /usr/lib/jvm/java-11-openjdk-armhf/lib/jli/libjli.so
b6f62000-b6f63000 rw-p 0000d000 b3:02 265446     /usr/lib/jvm/java-11-openjdk-armhf/lib/jli/libjli.so
b6f63000-b6f7a000 r-xp 00000000 b3:02 1679       /lib/arm-linux-gnueabihf/libpthread-2.28.so
b6f7a000-b6f89000 ---p 00017000 b3:02 1679       /lib/arm-linux-gnueabihf/libpthread-2.28.so
b6f89000-b6f8a000 r--p 00016000 b3:02 1679       /lib/arm-linux-gnueabihf/libpthread-2.28.so
b6f8a000-b6f8b000 rw-p 00017000 b3:02 1679       /lib/arm-linux-gnueabihf/libpthread-2.28.so
b6f8b000-b6f8d000 rw-p 00000000 00:00 0 
b6f8d000-b6fa7000 r-xp 00000000 b3:02 1702       /lib/arm-linux-gnueabihf/libz.so.1.2.11
b6fa7000-b6fb6000 ---p 0001a000 b3:02 1702       /lib/arm-linux-gnueabihf/libz.so.1.2.11
b6fb6000-b6fb7000 r--p 00019000 b3:02 1702       /lib/arm-linux-gnueabihf/libz.so.1.2.11
b6fb7000-b6fb8000 rw-p 0001a000 b3:02 1702       /lib/arm-linux-gnueabihf/libz.so.1.2.11
b6fb8000-b6fbc000 r-xp 00000000 b3:02 14556      /usr/lib/arm-linux-gnueabihf/libarmmem-v7l.so
b6fbc000-b6fcb000 ---p 00004000 b3:02 14556      /usr/lib/arm-linux-gnueabihf/libarmmem-v7l.so
b6fcb000-b6fcc000 r--p 00003000 b3:02 14556      /usr/lib/arm-linux-gnueabihf/libarmmem-v7l.so
b6fcc000-b6fcd000 rw-p 00004000 b3:02 14556      /usr/lib/arm-linux-gnueabihf/libarmmem-v7l.so
b6fcd000-b6fed000 r-xp 00000000 b3:02 1539       /lib/arm-linux-gnueabihf/ld-2.28.so
b6fef000-b6ff0000 r--p 00000000 b3:02 27473      /usr/share/locale/en_GB/LC_MESSAGES/libc.mo
b6ff0000-b6ff2000 r--s 00007000 b3:02 3483       /usr/share/java/java-atk-wrapper.jar
b6ff2000-b6ffa000 rw-s 00000000 b3:02 266496     /tmp/hsperfdata_root/6139
b6ffa000-b6ffb000 r--p 00000000 00:00 0 
b6ffb000-b6ffd000 rw-p 00000000 00:00 0 
b6ffd000-b6ffe000 r--p 00020000 b3:02 1539       /lib/arm-linux-gnueabihf/ld-2.28.so
b6ffe000-b6fff000 rw-p 00021000 b3:02 1539       /lib/arm-linux-gnueabihf/ld-2.28.so
bedb1000-bedd2000 rw-p 00000000 00:00 0          [stack]
bef82000-bef83000 r-xp 00000000 00:00 0          [sigpage]
bef83000-bef84000 r--p 00000000 00:00 0          [vvar]
bef84000-bef85000 r-xp 00000000 00:00 0          [vdso]
ffff0000-ffff1000 r-xp 00000000 00:00 0          [vectors]


VM Arguments:
java_command: /home/pi/mediaplayer/mediaplayer/mediaplayer.jar
java_class_path (initial): /home/pi/mediaplayer/mediaplayer/mediaplayer.jar
Launcher Type: SUN_STANDARD

[Global flags]
     uint ConcGCThreads                            = 1                                         {product} {ergonomic}
     uint G1ConcRefinementThreads                  = 4                                         {product} {ergonomic}
   size_t G1HeapRegionSize                         = 1048576                                   {product} {ergonomic}
    uintx GCDrainStackTargetSize                   = 64                                        {product} {ergonomic}
   size_t InitialHeapSize                          = 33554432                                  {product} {ergonomic}
   size_t MarkStackSize                            = 32768                                     {product} {ergonomic}
   size_t MaxHeapSize                              = 509607936                                 {product} {ergonomic}
   size_t MaxNewSize                               = 305135616                                 {product} {ergonomic}
   size_t MinHeapDeltaBytes                        = 1048576                                   {product} {ergonomic}
    uintx NonProfiledCodeHeapSize                  = 0                                      {pd product} {ergonomic}
    uintx ProfiledCodeHeapSize                     = 0                                      {pd product} {ergonomic}
     bool UseG1GC                                  = true                                      {product} {ergonomic}

Logging:
Log output configuration:
 #0: stdout all=warning uptime,level,tags
 #1: stderr all=off uptime,level,tags

Environment Variables:
PATH=/usr/local/sbin:/usr/local/bin:/usr/sbin:/usr/bin:/sbin:/bin
SHELL=/bin/bash

Signal Handlers:
SIGSEGV: [libjvm.so+0x9978ec], sa_mask[0]=11111111011111111101111111111110, sa_flags=SA_RESTART|SA_SIGINFO
SIGBUS: [libjvm.so+0x9978ec], sa_mask[0]=11111111011111111101111111111110, sa_flags=SA_RESTART|SA_SIGINFO
SIGFPE: [libjvm.so+0x9978ec], sa_mask[0]=11111111011111111101111111111110, sa_flags=SA_RESTART|SA_SIGINFO
SIGPIPE: [libjvm.so+0x7b7b78], sa_mask[0]=11111111011111111101111111111110, sa_flags=SA_RESTART|SA_SIGINFO
SIGXFSZ: [libjvm.so+0x7b7b78], sa_mask[0]=11111111011111111101111111111110, sa_flags=SA_RESTART|SA_SIGINFO
SIGILL: [libjvm.so+0x9978ec], sa_mask[0]=11111111011111111101111111111110, sa_flags=SA_RESTART|SA_SIGINFO
SIGUSR2: [libjvm.so+0x7b7a10], sa_mask[0]=00000000000000000000000000000000, sa_flags=SA_RESTART|SA_SIGINFO
SIGHUP: [libjvm.so+0x7b83c8], sa_mask[0]=11111111011111111101111111111110, sa_flags=SA_RESTART|SA_SIGINFO
SIGINT: SIG_IGN, sa_mask[0]=00000000000000000000000000000000, sa_flags=none
SIGTERM: [libjvm.so+0x7b83c8], sa_mask[0]=11111111011111111101111111111110, sa_flags=SA_RESTART|SA_SIGINFO
SIGQUIT: [libjvm.so+0x7b83c8], sa_mask[0]=11111111011111111101111111111110, sa_flags=SA_RESTART|SA_SIGINFO


---------------  S Y S T E M  ---------------

OS:PRETTY_NAME="Raspbian GNU/Linux 10 (buster)"
NAME="Raspbian GNU/Linux"
VERSION_ID="10"
VERSION="10 (buster)"
VERSION_CODENAME=buster
ID=raspbian
ID_LIKE=debian
HOME_URL="http://www.raspbian.org/"
SUPPORT_URL="http://www.raspbian.org/RaspbianForums"
BUG_REPORT_URL="http://www.raspbian.org/RaspbianBugs"
uname:Linux 4.19.97-v7l+ #1294 SMP Thu Jan 30 13:21:14 GMT 2020 armv7l
OS uptime: 0 days 2:30 hours
libc:glibc 2.28 NPTL 2.28 
rlimit: STACK 8192k, CORE 0k, NPROC 13451, NOFILE 1048576, AS infinity, CPU infinity, DATA infinity, FSIZE infinity
load average:1.13 1.16 1.27

/proc/meminfo:
MemTotal:        1985996 kB
MemFree:          884408 kB
MemAvailable:    1662840 kB
Buffers:           41296 kB
Cached:           793956 kB
SwapCached:            0 kB
Active:           361216 kB
Inactive:         628620 kB
Active(anon):     154576 kB
Inactive(anon):     8404 kB
Active(file):     206640 kB
Inactive(file):   620216 kB
Unevictable:          16 kB
Mlocked:              16 kB
HighTotal:       1232896 kB
HighFree:         271804 kB
LowTotal:         753100 kB
LowFree:          612604 kB
SwapTotal:             0 kB
SwapFree:              0 kB
Dirty:                 4 kB
Writeback:             0 kB
AnonPages:        154292 kB
Mapped:            40800 kB
Shmem:              8648 kB
Slab:              81168 kB
SReclaimable:      44520 kB
SUnreclaim:        36648 kB
KernelStack:        2496 kB
PageTables:         1832 kB
NFS_Unstable:          0 kB
Bounce:                0 kB
WritebackTmp:          0 kB
CommitLimit:      992996 kB
Committed_AS:     311860 kB
VmallocTotal:     245760 kB
VmallocUsed:           0 kB
VmallocChunk:          0 kB
Percpu:              752 kB
CmaTotal:         262144 kB
CmaFree:          255512 kB


/proc/sys/kernel/threads-max (system-wide limit on the number of threads):
26903


/proc/sys/vm/max_map_count (maximum number of memory map areas a process may have):
65530


/proc/sys/kernel/pid_max (system-wide limit on number of process identifiers):
32768



/etc/ld.so.preload:
/usr/lib/arm-linux-gnueabihf/libarmmem-${PLATFORM}.so

container (cgroup) information:
container_type: cgroupv1
cpu_cpuset_cpus: 0-3
cpu_memory_nodes: 0
active_processor_count: 4
cpu_quota: -2
cpu_period: -2
cpu_shares: -1
memory_limit_in_bytes: -1
memory_and_swap_limit_in_bytes: -2
memory_soft_limit_in_bytes: -1
memory_usage_in_bytes: 835174400
memory_max_usage_in_bytes: 932405248

Steal ticks since vm start: 0
Steal ticks percentage since vm start:  0.000

CPU:total 4 (initial active 4) (ARMv7), vfp, vfp3-32, simd

/proc/cpuinfo:
processor	: 0
model name	: ARMv7 Processor rev 3 (v7l)
BogoMIPS	: 270.00
Features	: half thumb fastmult vfp edsp neon vfpv3 tls vfpv4 idiva idivt vfpd32 lpae evtstrm crc32 
CPU implementer	: 0x41
CPU architecture: 7
CPU variant	: 0x0
CPU part	: 0xd08
CPU revision	: 3

processor	: 1
model name	: ARMv7 Processor rev 3 (v7l)
BogoMIPS	: 270.00
Features	: half thumb fastmult vfp edsp neon vfpv3 tls vfpv4 idiva idivt vfpd32 lpae evtstrm crc32 
CPU implementer	: 0x41
CPU architecture: 7
CPU variant	: 0x0
CPU part	: 0xd08
CPU revision	: 3

processor	: 2
model name	: ARMv7 Processor rev 3 (v7l)
BogoMIPS	: 270.00
Features	: half thumb fastmult vfp edsp neon vfpv3 tls vfpv4 idiva idivt vfpd32 lpae evtstrm crc32 
CPU implementer	: 0x41
CPU architecture: 7
CPU variant	: 0x0
CPU part	: 0xd08
CPU revision	: 3

processor	: 3
model name	: ARMv7 Processor rev 3 (v7l)
BogoMIPS	: 270.00
Features	: half thumb fastmult vfp edsp neon vfpv3 tls vfpv4 idiva idivt vfpd32 lpae evtstrm crc32 
CPU implementer	: 0x41
CPU architecture: 7
CPU variant	: 0x0
CPU part	: 0xd08
CPU revision	: 3

Hardware	: BCM2835
Revision	: b03111
Serial		: 10000000012c7c42
Model		: Raspberry Pi 4 Model B Rev 1.1

Memory: 4k page, physical 1985996k(884408k free), swap 0k(0k free)

vm_info: OpenJDK Server VM (11.0.7+10-post-Raspbian-3deb10u1) for linux- JRE (11.0.7+10-post-Raspbian-3deb10u1), built on Apr 20 2020 00:13:03 by "unknown" with gcc 8.3.0

END.
